<?xml version="1.0" encoding="UTF-8"?>
<!-- Generated by org.testng.reporters.JUnitXMLReporter -->
<testsuite hostname="DESKTOP-ECD2QNJ" tests="16" failures="5" timestamp="25 Oct 2023 11:34:40 GMT" time="26.117" errors="0">
  <testcase name="rechargeTotal" time="9.448" classname="test"/>
  <testcase name="withdrawTotal" time="0.093" classname="test"/>
  <testcase name="discountTotal" time="0.093" classname="test"/>
  <testcase name="activityTotal" time="0.092" classname="test"/>
  <testcase name="subordinateWaterTotal" time="0.093" classname="test"/>
  <testcase name="selfWaterTotal" time="0.083" classname="test"/>
  <testcase name="giftTotal" time="0.076" classname="test"/>
  <testcase name="subscriptionTotal" time="0.083" classname="test"/>
  <testcase name="interactTotal" time="0.088" classname="test"/>
  <testcase name="rewardTotal" time="0.09" classname="test"/>
  <testcase name="DFGLuckyTotal" time="0.096" classname="test"/>
  <testcase name="DFGBetTotal" time="0.093" classname="test">
    <failure type="java.lang.AssertionError" message="expected [true] but found [false]">
      <![CDATA[java.lang.AssertionError: expected [true] but found [false]
	at test.DFGBetTotal(test.java:479)
... Removed 31 stack frames]]>
    </failure>
  </testcase> <!-- DFGBetTotal -->
  <testcase name="DFGWinLoseTotal" time="0.093" classname="test">
    <failure type="java.lang.AssertionError" message="expected [true] but found [false]">
      <![CDATA[java.lang.AssertionError: expected [true] but found [false]
	at test.DFGWinLoseTotal(test.java:518)
... Removed 31 stack frames]]>
    </failure>
  </testcase> <!-- DFGWinLoseTotal -->
  <testcase name="threeGameLuckyTotal" time="0.09" classname="test">
    <failure type="java.lang.AssertionError" message="expected [true] but found [false]">
      <![CDATA[java.lang.AssertionError: expected [true] but found [false]
	at test.threeGameLuckyTotal(test.java:556)
... Removed 31 stack frames]]>
    </failure>
  </testcase> <!-- threeGameLuckyTotal -->
  <testcase name="threeGameBetTotal" time="0.094" classname="test">
    <failure type="java.lang.AssertionError" message="expected [true] but found [false]">
      <![CDATA[java.lang.AssertionError: expected [true] but found [false]
	at test.threeGameBetTotal(test.java:594)
... Removed 31 stack frames]]>
    </failure>
  </testcase> <!-- threeGameBetTotal -->
  <testcase name="threeGameWinLoseTotal" time="0.09" classname="test">
    <failure type="java.lang.AssertionError" message="expected [true] but found [false]">
      <![CDATA[java.lang.AssertionError: expected [true] but found [false]
	at test.threeGameWinLoseTotal(test.java:633)
... Removed 31 stack frames]]>
    </failure>
  </testcase> <!-- threeGameWinLoseTotal -->
</testsuite>
