<?xml version="1.0" encoding="UTF-8" standalone="yes"?>
<ns2:test-suite xmlns:ns2="urn:model.allure.qatools.yandex.ru" start="1696947726817" stop="1696947730806" version="1.4.8">
    <name>Default Suite</name>
    <title>Default Suite : webdriverGameTest[]</title>
    <test-cases>
        <test-case start="1696947729962" stop="1696947730001" status="broken">
            <name>validLoginTest</name>
            <failure>
                <message>WebDriverException: Returned value cannot be converted to WebElement: {stacktrace=Backtrace:
	GetHandleVerifier [0x00CDA813+48355]
	(No symbol) [0x00C6C4B1]
	(No symbol) [0x00B75220]
	(No symbol) [0x00B97C7C]
	(No symbol) [0x00BBA636]
	(No symbol) [0x00BB70CD]
	(No symbol) [0x00BB6B3A]
	(No symbol) [0x00B55311]
	(No symbol) [0x00B5571E]
	(No symbol) [0x00B55AFA]
	GetHandleVerifier [0x00F3AABD+2539405]
	GetHandleVerifier [0x00F7A78F+2800735]
	GetHandleVerifier [0x00F7456C+2775612]
	GetHandleVerifier [0x00D651E0+616112]
	(No symbol) [0x00C75F8C]
	(No symbol) [0x00B54F64]
	(No symbol) [0x00B54912]
	GetHandleVerifier [0x00FA159C+2959980]
	BaseThreadInitThunk [0x75877BA9+25]
	RtlInitializeExceptionChain [0x77B9B79B+107]
	RtlClearBits [0x77B9B71F+191]
, error=invalid session id, message=invalid session id}
Build info: version: '3.0.0', revision: '350cf60', time: '2016-10-13 10:48:57 -0700'
System info: host: 'DESKTOP-ECD2QNJ', ip: '192.192.191.85', os.name: 'Windows 10', os.arch: 'amd64', os.version: '10.0', java.version: '1.8.0_231'
Driver info: driver.version: RemoteWebDriver</message>
                <stack-trace>org.openqa.selenium.WebDriverException: Returned value cannot be converted to WebElement: {stacktrace=Backtrace:
	GetHandleVerifier [0x00CDA813+48355]
	(No symbol) [0x00C6C4B1]
	(No symbol) [0x00B75220]
	(No symbol) [0x00B97C7C]
	(No symbol) [0x00BBA636]
	(No symbol) [0x00BB70CD]
	(No symbol) [0x00BB6B3A]
	(No symbol) [0x00B55311]
	(No symbol) [0x00B5571E]
	(No symbol) [0x00B55AFA]
	GetHandleVerifier [0x00F3AABD+2539405]
	GetHandleVerifier [0x00F7A78F+2800735]
	GetHandleVerifier [0x00F7456C+2775612]
	GetHandleVerifier [0x00D651E0+616112]
	(No symbol) [0x00C75F8C]
	(No symbol) [0x00B54F64]
	(No symbol) [0x00B54912]
	GetHandleVerifier [0x00FA159C+2959980]
	BaseThreadInitThunk [0x75877BA9+25]
	RtlInitializeExceptionChain [0x77B9B79B+107]
	RtlClearBits [0x77B9B71F+191]
, error=invalid session id, message=invalid session id}
Build info: version: '3.0.0', revision: '350cf60', time: '2016-10-13 10:48:57 -0700'
System info: host: 'DESKTOP-ECD2QNJ', ip: '192.192.191.85', os.name: 'Windows 10', os.arch: 'amd64', os.version: '10.0', java.version: '1.8.0_231'
Driver info: driver.version: RemoteWebDriver
	at org.openqa.selenium.remote.RemoteWebDriver.findElement(RemoteWebDriver.java:375)
	at org.openqa.selenium.remote.RemoteWebDriver.findElementByXPath(RemoteWebDriver.java:473)
	at org.openqa.selenium.By$ByXPath.findElement(By.java:361)
	at org.openqa.selenium.remote.RemoteWebDriver.findElement(RemoteWebDriver.java:360)
	at PageActions.sendKeyID(PageActions.java:25)
	at test.validLoginTest(test.java:27)
	at sun.reflect.NativeMethodAccessorImpl.invoke0(Native Method)
	at sun.reflect.NativeMethodAccessorImpl.invoke(NativeMethodAccessorImpl.java:62)
	at sun.reflect.DelegatingMethodAccessorImpl.invoke(DelegatingMethodAccessorImpl.java:43)
	at java.lang.reflect.Method.invoke(Method.java:498)
	at org.testng.internal.MethodInvocationHelper.invokeMethod(MethodInvocationHelper.java:85)
	at org.testng.internal.Invoker.invokeMethod(Invoker.java:639)
	at org.testng.internal.Invoker.invokeTestMethod(Invoker.java:816)
	at org.testng.internal.Invoker.invokeTestMethods(Invoker.java:1124)
	at org.testng.internal.TestMethodWorker.invokeTestMethods(TestMethodWorker.java:125)
	at org.testng.internal.TestMethodWorker.run(TestMethodWorker.java:108)
	at org.testng.TestRunner.privateRun(TestRunner.java:774)
	at org.testng.TestRunner.run(TestRunner.java:624)
	at org.testng.SuiteRunner.runTest(SuiteRunner.java:359)
	at org.testng.SuiteRunner.runSequentially(SuiteRunner.java:354)
	at org.testng.SuiteRunner.privateRun(SuiteRunner.java:312)
	at org.testng.SuiteRunner.run(SuiteRunner.java:261)
	at org.testng.SuiteRunnerWorker.runSuite(SuiteRunnerWorker.java:52)
	at org.testng.SuiteRunnerWorker.run(SuiteRunnerWorker.java:86)
	at org.testng.TestNG.runSuitesSequentially(TestNG.java:1191)
	at org.testng.TestNG.runSuitesLocally(TestNG.java:1116)
	at org.testng.TestNG.run(TestNG.java:1024)
	at com.intellij.rt.testng.IDEARemoteTestNG.run(IDEARemoteTestNG.java:66)
	at com.intellij.rt.testng.RemoteTestNGStarter.main(RemoteTestNGStarter.java:110)
Caused by: java.lang.ClassCastException: com.google.common.collect.Maps$TransformedEntriesMap cannot be cast to org.openqa.selenium.WebElement
	at org.openqa.selenium.remote.RemoteWebDriver.findElement(RemoteWebDriver.java:373)
	... 28 more
</stack-trace>
            </failure>
            <steps/>
            <attachments/>
            <labels>
                <label name="host" value="DESKTOP-ECD2QNJ"/>
                <label name="thread" value="24724@DESKTOP-ECD2QNJ.main"/>
            </labels>
        </test-case>
    </test-cases>
    <labels>
        <label name="framework" value="TestNG"/>
        <label name="language" value="JAVA"/>
    </labels>
</ns2:test-suite>
