{"uuid":"709373c7-4821-492e-ac60-5cc25620224e","historyId":"9e716d38b7ba9ab488bbe940e3270914","fullName":"test.validLoginTest","labels":[{"name":"package","value":"test"},{"name":"testClass","value":"test"},{"name":"testMethod","value":"validLoginTest"},{"name":"parentSuite","value":"Default Suite"},{"name":"suite","value":"webdriverGameTest"},{"name":"subSuite","value":"test"},{"name":"host","value":"DESKTOP-ECD2QNJ"},{"name":"thread","value":"25800@DESKTOP-ECD2QNJ.main(1)"}],"links":[],"name":"validLoginTest","status":"broken","statusDetails":{"known":false,"muted":false,"flaky":false,"message":"Returned value cannot be converted to WebElement: {stacktrace=Backtrace:\n\tGetHandleVerifier [0x00CDA813+48355]\n\t(No symbol) [0x00C6C4B1]\n\t(No symbol) [0x00B75220]\n\t(No symbol) [0x00B97C7C]\n\t(No symbol) [0x00BBA636]\n\t(No symbol) [0x00BB70CD]\n\t(No symbol) [0x00BB6B3A]\n\t(No symbol) [0x00B55311]\n\t(No symbol) [0x00B5571E]\n\t(No symbol) [0x00B55AFA]\n\tGetHandleVerifier [0x00F3AABD+2539405]\n\tGetHandleVerifier [0x00F7A78F+2800735]\n\tGetHandleVerifier [0x00F7456C+2775612]\n\tGetHandleVerifier [0x00D651E0+616112]\n\t(No symbol) [0x00C75F8C]\n\t(No symbol) [0x00B54F64]\n\t(No symbol) [0x00B54912]\n\tGetHandleVerifier [0x00FA159C+2959980]\n\tBaseThreadInitThunk [0x75877BA9+25]\n\tRtlInitializeExceptionChain [0x77B9B79B+107]\n\tRtlClearBits [0x77B9B71F+191]\n, error=invalid session id, message=invalid session id}\nBuild info: version: '3.0.0', revision: '350cf60', time: '2016-10-13 10:48:57 -0700'\nSystem info: host: 'DESKTOP-ECD2QNJ', ip: '192.192.191.85', os.name: 'Windows 10', os.arch: 'amd64', os.version: '10.0', java.version: '1.8.0_231'\nDriver info: driver.version: RemoteWebDriver","trace":"org.openqa.selenium.WebDriverException: Returned value cannot be converted to WebElement: {stacktrace=Backtrace:\n\tGetHandleVerifier [0x00CDA813+48355]\n\t(No symbol) [0x00C6C4B1]\n\t(No symbol) [0x00B75220]\n\t(No symbol) [0x00B97C7C]\n\t(No symbol) [0x00BBA636]\n\t(No symbol) [0x00BB70CD]\n\t(No symbol) [0x00BB6B3A]\n\t(No symbol) [0x00B55311]\n\t(No symbol) [0x00B5571E]\n\t(No symbol) [0x00B55AFA]\n\tGetHandleVerifier [0x00F3AABD+2539405]\n\tGetHandleVerifier [0x00F7A78F+2800735]\n\tGetHandleVerifier [0x00F7456C+2775612]\n\tGetHandleVerifier [0x00D651E0+616112]\n\t(No symbol) [0x00C75F8C]\n\t(No symbol) [0x00B54F64]\n\t(No symbol) [0x00B54912]\n\tGetHandleVerifier [0x00FA159C+2959980]\n\tBaseThreadInitThunk [0x75877BA9+25]\n\tRtlInitializeExceptionChain [0x77B9B79B+107]\n\tRtlClearBits [0x77B9B71F+191]\n, error=invalid session id, message=invalid session id}\nBuild info: version: '3.0.0', revision: '350cf60', time: '2016-10-13 10:48:57 -0700'\nSystem info: host: 'DESKTOP-ECD2QNJ', ip: '192.192.191.85', os.name: 'Windows 10', os.arch: 'amd64', os.version: '10.0', java.version: '1.8.0_231'\nDriver info: driver.version: RemoteWebDriver\r\n\tat org.openqa.selenium.remote.RemoteWebDriver.findElement(RemoteWebDriver.java:375)\r\n\tat org.openqa.selenium.remote.RemoteWebDriver.findElementByXPath(RemoteWebDriver.java:473)\r\n\tat org.openqa.selenium.By$ByXPath.findElement(By.java:361)\r\n\tat org.openqa.selenium.remote.RemoteWebDriver.findElement(RemoteWebDriver.java:360)\r\n\tat PageActions.sendKeyID(PageActions.java:25)\r\n\tat test.validLoginTest(test.java:26)\r\n\tat sun.reflect.NativeMethodAccessorImpl.invoke0(Native Method)\r\n\tat sun.reflect.NativeMethodAccessorImpl.invoke(NativeMethodAccessorImpl.java:62)\r\n\tat sun.reflect.DelegatingMethodAccessorImpl.invoke(DelegatingMethodAccessorImpl.java:43)\r\n\tat java.lang.reflect.Method.invoke(Method.java:498)\r\n\tat org.testng.internal.MethodInvocationHelper.invokeMethod(MethodInvocationHelper.java:85)\r\n\tat org.testng.internal.Invoker.invokeMethod(Invoker.java:639)\r\n\tat org.testng.internal.Invoker.invokeTestMethod(Invoker.java:816)\r\n\tat org.testng.internal.Invoker.invokeTestMethods(Invoker.java:1124)\r\n\tat org.testng.internal.TestMethodWorker.invokeTestMethods(TestMethodWorker.java:125)\r\n\tat org.testng.internal.TestMethodWorker.run(TestMethodWorker.java:108)\r\n\tat org.testng.TestRunner.privateRun(TestRunner.java:774)\r\n\tat org.testng.TestRunner.run(TestRunner.java:624)\r\n\tat org.testng.SuiteRunner.runTest(SuiteRunner.java:359)\r\n\tat org.testng.SuiteRunner.runSequentially(SuiteRunner.java:354)\r\n\tat org.testng.SuiteRunner.privateRun(SuiteRunner.java:312)\r\n\tat org.testng.SuiteRunner.run(SuiteRunner.java:261)\r\n\tat org.testng.SuiteRunnerWorker.runSuite(SuiteRunnerWorker.java:52)\r\n\tat org.testng.SuiteRunnerWorker.run(SuiteRunnerWorker.java:86)\r\n\tat org.testng.TestNG.runSuitesSequentially(TestNG.java:1191)\r\n\tat org.testng.TestNG.runSuitesLocally(TestNG.java:1116)\r\n\tat org.testng.TestNG.run(TestNG.java:1024)\r\n\tat com.intellij.rt.testng.IDEARemoteTestNG.run(IDEARemoteTestNG.java:66)\r\n\tat com.intellij.rt.testng.RemoteTestNGStarter.main(RemoteTestNGStarter.java:110)\r\nCaused by: java.lang.ClassCastException: com.google.common.collect.Maps$TransformedEntriesMap cannot be cast to org.openqa.selenium.WebElement\r\n\tat org.openqa.selenium.remote.RemoteWebDriver.findElement(RemoteWebDriver.java:373)\r\n\t... 28 more\r\n"},"stage":"finished","start":1696949334292,"stop":1696949334345,"parameters":[]}