<?xml version="1.0" encoding="UTF-8"?>
<!-- Generated by org.testng.reporters.JUnitXMLReporter -->
<testsuite hostname="DESKTOP-ECD2QNJ" tests="2" failures="1" timestamp="20 Oct 2023 05:42:49 GMT" time="10.573" errors="0">
  <testcase name="validLoginTest" time="0.555" classname="test"/>
  <testcase name="test2" time="0.009" classname="test">
    <failure type="java.lang.AssertionError" message="expected [true] but found [false]">
      <![CDATA[java.lang.AssertionError: expected [true] but found [false]
	at test.test2(test.java:71)
... Removed 31 stack frames]]>
    </failure>
  </testcase> <!-- test2 -->
</testsuite>
