-------------------------------------------------------------------------------
Test set: TestSuite
-------------------------------------------------------------------------------
Tests run: 2, Failures: 1, Errors: 0, Skipped: 0, Time elapsed: 12.601 s <<< FAILURE! - in TestSuite
test2(test)  Time elapsed: 0.022 s  <<< FAILURE!
java.lang.AssertionError: expected [true] but found [false]
	at test.test2(test.java:71)

